lib_scanner/build/intermediates/manifest_merge_blame_file/debug/manifest-merger-blame-debug-report.txt
1<?xml version="1.0" encoding="utf-8"?>
2<manifest xmlns:android="http://schemas.android.com/apk/res/android"
3    package="com.sll.qrdemo" >
4
5    <uses-sdk
6        android:minSdkVersion="19"
6-->src\main\AndroidManifest.xml
7        android:targetSdkVersion="22" />
7-->src\main\AndroidManifest.xml
8
9    <uses-feature android:name="android.hardware.camera" />
9-->src\main\AndroidManifest.xml:5:5-60
9-->src\main\AndroidManifest.xml:5:19-57
10    <uses-feature android:name="android.hardware.camera.autofocus" />
10-->src\main\AndroidManifest.xml:6:5-70
10-->src\main\AndroidManifest.xml:6:19-67
11    <uses-feature android:name="android.hardware.camera.front" />
11-->src\main\AndroidManifest.xml:7:5-66
11-->src\main\AndroidManifest.xml:7:19-63
12
13    <uses-permission android:name="android.permission.CAMERA" />
13-->src\main\AndroidManifest.xml:9:5-65
13-->src\main\AndroidManifest.xml:9:22-62
14    <uses-permission android:name="android.permission.VIBRATE" />
14-->src\main\AndroidManifest.xml:10:5-66
14-->src\main\AndroidManifest.xml:10:22-63
15
16    <application
16-->src\main\AndroidManifest.xml:12:5-26:19
17        android:allowBackup="true"
17-->src\main\AndroidManifest.xml:13:9-35
18        android:icon="@mipmap/ic_launcher"
18-->src\main\AndroidManifest.xml:14:9-43
19        android:label="@string/app_name"
19-->src\main\AndroidManifest.xml:15:9-41
20        android:roundIcon="@mipmap/ic_launcher_round"
20-->src\main\AndroidManifest.xml:16:9-54
21        android:supportsRtl="true" >
21-->src\main\AndroidManifest.xml:17:9-35
22        <activity android:name="com.sll.qrdemo.QRScannerActivity" >
22-->src\main\AndroidManifest.xml:18:9-24:20
22-->src\main\AndroidManifest.xml:18:19-52
23            <intent-filter>
23-->src\main\AndroidManifest.xml:19:13-23:29
24                <action android:name="android.intent.action.MAIN" />
24-->src\main\AndroidManifest.xml:20:17-69
24-->src\main\AndroidManifest.xml:20:25-66
25
26                <category android:name="android.intent.category.LAUNCHER" />
26-->src\main\AndroidManifest.xml:22:17-77
26-->src\main\AndroidManifest.xml:22:27-74
27            </intent-filter>
28        </activity>
29    </application>
30
31</manifest>